<?xml version="1.0" encoding="UTF-8"?>
<testng-results ignored="4" total="5" passed="1" failed="0" skipped="0">
  <reporter-output>
  </reporter-output>
  <suite started-at="2021-12-17T18:20:24 PKT" name="Default suite" finished-at="2021-12-17T18:21:16 PKT" duration-ms="51933">
    <groups>
    </groups>
    <test started-at="2021-12-17T18:20:24 PKT" name="Default test" finished-at="2021-12-17T18:21:16 PKT" duration-ms="51933">
      <class name="pkg.TestCases.BuyProductCheckoutTest$Product_Purchase">
        <test-method is-config="true" signature="buying()[pri:0, instance:pkg.TestCases.BuyProductCheckoutTest$Product_Purchase@7714e963]" started-at="2021-12-17T18:20:24 PKT" name="buying" finished-at="2021-12-17T18:20:37 PKT" duration-ms="12658" status="PASS">
          <reporter-output>
          </reporter-output>
        </test-method> <!-- buying -->
        <test-method signature="FunctionBothCheckout()[pri:0, instance:pkg.TestCases.BuyProductCheckoutTest$Product_Purchase@7714e963]" started-at="2021-12-17T18:20:37 PKT" name="FunctionBothCheckout" finished-at="2021-12-17T18:21:16 PKT" duration-ms="39232" status="PASS">
          <reporter-output>
          </reporter-output>
        </test-method> <!-- FunctionBothCheckout -->
      </class> <!-- pkg.TestCases.BuyProductCheckoutTest$Product_Purchase -->
    </test> <!-- Default test -->
  </suite> <!-- Default suite -->
</testng-results>
