<?xml version="1.0" encoding="UTF-8"?>
<!-- Generated by org.testng.reporters.JUnitXMLReporter -->
<testsuite ignored="4" hostname="BCDS-LHR-33" failures="0" tests="1" name="Default test" time="51.933" errors="0" timestamp="2021-12-17T18:21:16 PKT">
  <testcase classname="pkg.TestCases.BuyProductCheckoutTest$Product_Purchase" name="FunctionBothCheckout" time="39.232"/>
  <testcase classname="pkg.TestCases.BuyProductCheckoutTest$Product_Purchase" name="errorMEssageOnNoServiceSelectionInCheckout" time="0.0">
    <ignored/>
  </testcase> <!-- errorMEssageOnNoServiceSelectionInCheckout -->
  <testcase classname="pkg.TestCases.BuyProductCheckoutTest$Product_Purchase" name="LocalPickupCheckout" time="0.0">
    <ignored/>
  </testcase> <!-- LocalPickupCheckout -->
  <testcase classname="pkg.TestCases.BuyProductCheckoutTest$Product_Purchase" name="FreeshippingCheckout" time="0.0">
    <ignored/>
  </testcase> <!-- FreeshippingCheckout -->
  <testcase classname="pkg.TestCases.BuyProductCheckoutTest$Product_Purchase" name="FedexCheckout" time="0.0">
    <ignored/>
  </testcase> <!-- FedexCheckout -->
</testsuite> <!-- Default test -->
