<?xml version="1.0" encoding="UTF-8"?>
<testsuite xmlns:xsi="http://www.w3.org/2001/XMLSchema-instance" xsi:noNamespaceSchemaLocation="https://maven.apache.org/surefire/maven-surefire-plugin/xsd/surefire-test-report-3.0.xsd" version="3.0" name="TestSuite" time="1,036.925" tests="20" errors="0" skipped="0" failures="4">
  <properties>
[...]
</properties>
  <testcase name="BuyerLogin" classname="com.sunhub.qa.test_cases.LoginPageTest" time="17.019">
    <failure message="element not interactable&#10;  (Session info: chrome=92.0.4515.131)&#10;Build info: version: &apos;3.141.59&apos;, revision: &apos;e82be7d358&apos;, time: &apos;2018-11-14T08:17:03&apos;&#10;System info: host: &apos;BCDS-LHR-33&apos;, ip: &apos;192.168.0.151&apos;, os.name: &apos;Windows 10&apos;, os.arch: &apos;amd64&apos;, os.version: &apos;10.0&apos;, java.version: &apos;15.0.2&apos;&#10;Driver info: org.openqa.selenium.chrome.ChromeDriver&#10;Capabilities {acceptInsecureCerts: false, browserName: chrome, browserVersion: 92.0.4515.131, chrome: {chromedriverVersion: 92.0.4515.43 (8c61b7e2989f2..., userDataDir: C:\Users\KHAWAJ~1.MUH\AppDa...}, goog:chromeOptions: {debuggerAddress: localhost:63266}, javascriptEnabled: true, networkConnectionEnabled: false, pageLoadStrategy: normal, platform: WINDOWS, platformName: WINDOWS, proxy: Proxy(), setWindowRect: true, strictFileInteractability: false, timeouts: {implicit: 0, pageLoad: 300000, script: 30000}, unhandledPromptBehavior: dismiss and notify, webauthn:extension:credBlob: true, webauthn:extension:largeBlob: true, webauthn:virtualAuthenticators: true}&#10;Session ID: 41c9db9aece716283fa35d451543b6fd" type="org.openqa.selenium.ElementNotInteractableException"><![CDATA[org.openqa.selenium.ElementNotInteractableException: 
element not interactable
  (Session info: chrome=92.0.4515.131)
Build info: version: '3.141.59', revision: 'e82be7d358', time: '2018-11-14T08:17:03'
System info: host: 'BCDS-LHR-33', ip: '192.168.0.151', os.name: 'Windows 10', os.arch: 'amd64', os.version: '10.0', java.version: '15.0.2'
Driver info: org.openqa.selenium.chrome.ChromeDriver
Capabilities {acceptInsecureCerts: false, browserName: chrome, browserVersion: 92.0.4515.131, chrome: {chromedriverVersion: 92.0.4515.43 (8c61b7e2989f2..., userDataDir: C:\Users\KHAWAJ~1.MUH\AppDa...}, goog:chromeOptions: {debuggerAddress: localhost:63266}, javascriptEnabled: true, networkConnectionEnabled: false, pageLoadStrategy: normal, platform: WINDOWS, platformName: WINDOWS, proxy: Proxy(), setWindowRect: true, strictFileInteractability: false, timeouts: {implicit: 0, pageLoad: 300000, script: 30000}, unhandledPromptBehavior: dismiss and notify, webauthn:extension:credBlob: true, webauthn:extension:largeBlob: true, webauthn:virtualAuthenticators: true}
Session ID: 41c9db9aece716283fa35d451543b6fd
	at com.sunhub.qa.test_cases.LoginPageTest.BuyerLogin(LoginPageTest.java:49)
]]></failure>
    <system-err><![CDATA[Starting ChromeDriver 92.0.4515.43 (8c61b7e2989f2990d42f859cac71319137787cce-refs/branch-heads/4515@{#306}) on port 25977
Only local connections are allowed.
Please see https://chromedriver.chromium.org/security-considerations for suggestions on keeping ChromeDriver safe.
ChromeDriver was started successfully.
Aug 06, 2021 5:29:25 PM org.openqa.selenium.remote.ProtocolHandshake createSession
INFO: Detected dialect: W3C
]]></system-err>
  </testcase>
  <testcase name="BsuinessLogin" classname="com.sunhub.qa.test_cases.LoginPageTest" time="0.939">
    <system-err><![CDATA[Starting ChromeDriver 92.0.4515.43 (8c61b7e2989f2990d42f859cac71319137787cce-refs/branch-heads/4515@{#306}) on port 39026
Only local connections are allowed.
Please see https://chromedriver.chromium.org/security-considerations for suggestions on keeping ChromeDriver safe.
ChromeDriver was started successfully.
Aug 06, 2021 5:30:01 PM org.openqa.selenium.remote.ProtocolHandshake createSession
INFO: Detected dialect: W3C
]]></system-err>
  </testcase>
  <testcase name="ISellerLogin" classname="com.sunhub.qa.test_cases.LoginPageTest" time="0.929">
    <system-err><![CDATA[Starting ChromeDriver 92.0.4515.43 (8c61b7e2989f2990d42f859cac71319137787cce-refs/branch-heads/4515@{#306}) on port 31889
Only local connections are allowed.
Please see https://chromedriver.chromium.org/security-considerations for suggestions on keeping ChromeDriver safe.
ChromeDriver was started successfully.
Aug 06, 2021 5:30:18 PM org.openqa.selenium.remote.ProtocolHandshake createSession
INFO: Detected dialect: W3C
]]></system-err>
  </testcase>
  <testcase name="SPSellerValidateLogin" classname="com.sunhub.qa.test_cases.LoginPageTest" time="0.921">
    <system-err><![CDATA[Starting ChromeDriver 92.0.4515.43 (8c61b7e2989f2990d42f859cac71319137787cce-refs/branch-heads/4515@{#306}) on port 45378
Only local connections are allowed.
Please see https://chromedriver.chromium.org/security-considerations for suggestions on keeping ChromeDriver safe.
ChromeDriver was started successfully.
Aug 06, 2021 5:30:38 PM org.openqa.selenium.remote.ProtocolHandshake createSession
INFO: Detected dialect: W3C
]]></system-err>
  </testcase>
  <testcase name="GeneralValidEmailWrongPasswordVerification" classname="com.sunhub.qa.test_cases.LoginPageTest" time="2.943">
    <system-err><![CDATA[Starting ChromeDriver 92.0.4515.43 (8c61b7e2989f2990d42f859cac71319137787cce-refs/branch-heads/4515@{#306}) on port 21528
Only local connections are allowed.
Please see https://chromedriver.chromium.org/security-considerations for suggestions on keeping ChromeDriver safe.
ChromeDriver was started successfully.
Aug 06, 2021 5:30:55 PM org.openqa.selenium.remote.ProtocolHandshake createSession
INFO: Detected dialect: W3C
]]></system-err>
  </testcase>
  <testcase name="MessageAppearance" classname="com.sunhub.qa.test_cases.LoginPageTest" time="1.592">
    <system-err><![CDATA[Starting ChromeDriver 92.0.4515.43 (8c61b7e2989f2990d42f859cac71319137787cce-refs/branch-heads/4515@{#306}) on port 45057
Only local connections are allowed.
Please see https://chromedriver.chromium.org/security-considerations for suggestions on keeping ChromeDriver safe.
ChromeDriver was started successfully.
Aug 06, 2021 5:31:16 PM org.openqa.selenium.remote.ProtocolHandshake createSession
INFO: Detected dialect: W3C
]]></system-err>
  </testcase>
  <testcase name="AddProduct" classname="com.sunhub.qa.test_cases.AddProductTest" time="69.28">
    <system-out><![CDATA[Product Category Size is: 12
We are sending to random function size is: 12 and in return we have random size = 9
Outside of the loop, i = 0 and randomGeneration number = 9
Outside of the loop, i = 1 and randomGeneration number = 9
Outside of the loop, i = 2 and randomGeneration number = 9
Outside of the loop, i = 3 and randomGeneration number = 9
Outside of the loop, i = 4 and randomGeneration number = 9
Outside of the loop, i = 5 and randomGeneration number = 9
Outside of the loop, i = 6 and randomGeneration number = 9
Outside of the loop, i = 7 and randomGeneration number = 9
Outside of the loop, i = 8 and randomGeneration number = 9
Outside of the loop, i = 9 and randomGeneration number = 9
Inside the loop, i = 9 and randomGeneration number = 9
Document uploading
Image uploading
Type Selection size = 5
We passed shiiping list size = 5-1  to Random Function and random function gave us 4 in return
i = 0 ---- 0< =4 ----  i++ as 0
i = 1 ---- 1< =4 ----  i++ as 1
i = 2 ---- 2< =4 ----  i++ as 2
i = 3 ---- 3< =4 ----  i++ as 3
i = 4 ---- 4< =4 ----  i++ as 4
]]></system-out>
    <system-err><![CDATA[Starting ChromeDriver 92.0.4515.43 (8c61b7e2989f2990d42f859cac71319137787cce-refs/branch-heads/4515@{#306}) on port 22770
Only local connections are allowed.
Please see https://chromedriver.chromium.org/security-considerations for suggestions on keeping ChromeDriver safe.
ChromeDriver was started successfully.
Aug 06, 2021 5:31:38 PM org.openqa.selenium.remote.ProtocolHandshake createSession
INFO: Detected dialect: W3C
]]></system-err>
  </testcase>
  <testcase name="existingBrandVerification" classname="com.sunhub.qa.test_cases.AddProductTest" time="29.403">
    <system-out><![CDATA[Selected brand name is Clarie Solars
]]></system-out>
    <system-err><![CDATA[Starting ChromeDriver 92.0.4515.43 (8c61b7e2989f2990d42f859cac71319137787cce-refs/branch-heads/4515@{#306}) on port 45608
Only local connections are allowed.
Please see https://chromedriver.chromium.org/security-considerations for suggestions on keeping ChromeDriver safe.
ChromeDriver was started successfully.
Aug 06, 2021 5:32:57 PM org.openqa.selenium.remote.ProtocolHandshake createSession
INFO: Detected dialect: W3C
]]></system-err>
  </testcase>
  <testcase name="AgeAndConditionCheck" classname="com.sunhub.qa.test_cases.AddProductTest" time="49.384">
    <system-err><![CDATA[Starting ChromeDriver 92.0.4515.43 (8c61b7e2989f2990d42f859cac71319137787cce-refs/branch-heads/4515@{#306}) on port 37277
Only local connections are allowed.
Please see https://chromedriver.chromium.org/security-considerations for suggestions on keeping ChromeDriver safe.
ChromeDriver was started successfully.
Aug 06, 2021 5:33:41 PM org.openqa.selenium.remote.ProtocolHandshake createSession
INFO: Detected dialect: W3C
]]></system-err>
  </testcase>
  <testcase name="VerificationOfAddedManufacturer" classname="com.sunhub.qa.test_cases.AddProductTest" time="30.327">
    <system-err><![CDATA[Starting ChromeDriver 92.0.4515.43 (8c61b7e2989f2990d42f859cac71319137787cce-refs/branch-heads/4515@{#306}) on port 29837
Only local connections are allowed.
Please see https://chromedriver.chromium.org/security-considerations for suggestions on keeping ChromeDriver safe.
ChromeDriver was started successfully.
Aug 06, 2021 5:34:41 PM org.openqa.selenium.remote.ProtocolHandshake createSession
INFO: Detected dialect: W3C
]]></system-err>
  </testcase>
  <testcase name="verifyDiscountedPrice" classname="com.sunhub.qa.test_cases.AddProductTest" time="79.88">
    <system-out><![CDATA[Product Category Size is: 12
We are sending to random function size is: 12 and in return we have random size = 7
Outside of the loop, i = 0 and randomGeneration number = 7
Outside of the loop, i = 1 and randomGeneration number = 7
Outside of the loop, i = 2 and randomGeneration number = 7
Outside of the loop, i = 3 and randomGeneration number = 7
Outside of the loop, i = 4 and randomGeneration number = 7
Outside of the loop, i = 5 and randomGeneration number = 7
Outside of the loop, i = 6 and randomGeneration number = 7
Outside of the loop, i = 7 and randomGeneration number = 7
Inside the loop, i = 7 and randomGeneration number = 7
Document uploading
Image uploading
Type Selection size = 5
We passed shiiping list size = 5-1  to Random Function and random function gave us 1 in return
i = 0 ---- 0< =1 ----  i++ as 0
i = 1 ---- 1< =1 ----  i++ as 1
]]></system-out>
    <system-err><![CDATA[Starting ChromeDriver 92.0.4515.43 (8c61b7e2989f2990d42f859cac71319137787cce-refs/branch-heads/4515@{#306}) on port 42595
Only local connections are allowed.
Please see https://chromedriver.chromium.org/security-considerations for suggestions on keeping ChromeDriver safe.
ChromeDriver was started successfully.
Aug 06, 2021 5:35:27 PM org.openqa.selenium.remote.ProtocolHandshake createSession
INFO: Detected dialect: W3C
]]></system-err>
  </testcase>
  <testcase name="ImageDeletionCheck" classname="com.sunhub.qa.test_cases.AddProductTest" time="25.146">
    <failure message="Cannot run program &quot;./AutoIT/Image&quot;: CreateProcess error=2, The system cannot find the file specified" type="java.io.IOException"><![CDATA[java.io.IOException: Cannot run program "./AutoIT/Image": CreateProcess error=2, The system cannot find the file specified
	at com.sunhub.qa.test_cases.AddProductTest.ImageDeletionCheck(AddProductTest.java:74)
Caused by: java.io.IOException: CreateProcess error=2, The system cannot find the file specified
	at com.sunhub.qa.test_cases.AddProductTest.ImageDeletionCheck(AddProductTest.java:74)
]]></failure>
    <system-out><![CDATA[This is random number we have : 2
]]></system-out>
    <system-err><![CDATA[Starting ChromeDriver 92.0.4515.43 (8c61b7e2989f2990d42f859cac71319137787cce-refs/branch-heads/4515@{#306}) on port 32558
Only local connections are allowed.
Please see https://chromedriver.chromium.org/security-considerations for suggestions on keeping ChromeDriver safe.
ChromeDriver was started successfully.
Aug 06, 2021 5:37:05 PM org.openqa.selenium.remote.ProtocolHandshake createSession
INFO: Detected dialect: W3C
]]></system-err>
  </testcase>
  <testcase name="DocumentDeletionCheck" classname="com.sunhub.qa.test_cases.AddProductTest" time="42.097">
    <failure message="bound must be greater than origin" type="java.lang.IllegalArgumentException"><![CDATA[java.lang.IllegalArgumentException: bound must be greater than origin
	at com.sunhub.qa.test_cases.AddProductTest.DocumentDeletionCheck(AddProductTest.java:81)
]]></failure>
    <system-out><![CDATA[Random number we have : 3 and 3 File(s) should be uploaded
Before deletion count is: 3
0 files uploaded.
]]></system-out>
    <system-err><![CDATA[Starting ChromeDriver 92.0.4515.43 (8c61b7e2989f2990d42f859cac71319137787cce-refs/branch-heads/4515@{#306}) on port 42584
Only local connections are allowed.
Please see https://chromedriver.chromium.org/security-considerations for suggestions on keeping ChromeDriver safe.
ChromeDriver was started successfully.
Aug 06, 2021 5:37:44 PM org.openqa.selenium.remote.ProtocolHandshake createSession
INFO: Detected dialect: W3C
]]></system-err>
  </testcase>
  <testcase name="NonExistingShopperGuestPPLLater" classname="com.sunhub.qa.test_cases.CheckoutTest" time="95.099">
    <system-out><![CDATA[Select State
Alabama
Alaska
Arizona
]]></system-out>
    <system-err><![CDATA[Starting ChromeDriver 92.0.4515.43 (8c61b7e2989f2990d42f859cac71319137787cce-refs/branch-heads/4515@{#306}) on port 10520
Only local connections are allowed.
Please see https://chromedriver.chromium.org/security-considerations for suggestions on keeping ChromeDriver safe.
ChromeDriver was started successfully.
Aug 06, 2021 5:38:36 PM org.openqa.selenium.remote.ProtocolHandshake createSession
INFO: Detected dialect: W3C
]]></system-err>
  </testcase>
  <testcase name="NonRegisteredUser_registeration_while_guest_checkout" classname="com.sunhub.qa.test_cases.CheckoutTest" time="49.088">
    <system-err><![CDATA[Starting ChromeDriver 92.0.4515.43 (8c61b7e2989f2990d42f859cac71319137787cce-refs/branch-heads/4515@{#306}) on port 9550
Only local connections are allowed.
Please see https://chromedriver.chromium.org/security-considerations for suggestions on keeping ChromeDriver safe.
ChromeDriver was started successfully.
Aug 06, 2021 5:40:25 PM org.openqa.selenium.remote.ProtocolHandshake createSession
INFO: Detected dialect: W3C
]]></system-err>
  </testcase>
  <testcase name="CheckoutWithStripePayment" classname="com.sunhub.qa.test_cases.CheckoutTest" time="74.811">
    <system-err><![CDATA[Starting ChromeDriver 92.0.4515.43 (8c61b7e2989f2990d42f859cac71319137787cce-refs/branch-heads/4515@{#306}) on port 46479
Only local connections are allowed.
Please see https://chromedriver.chromium.org/security-considerations for suggestions on keeping ChromeDriver safe.
ChromeDriver was started successfully.
Aug 06, 2021 5:41:28 PM org.openqa.selenium.remote.ProtocolHandshake createSession
INFO: Detected dialect: W3C
]]></system-err>
  </testcase>
  <testcase name="TaxCalculation" classname="com.sunhub.qa.test_cases.CheckoutTest" time="61.538">
    <system-out><![CDATA[Select State
Alabama
Alaska
Arizona
Arizona is exempted from TAX
This is selected TAX : Tax:
$0.00
0
]]></system-out>
    <system-err><![CDATA[Starting ChromeDriver 92.0.4515.43 (8c61b7e2989f2990d42f859cac71319137787cce-refs/branch-heads/4515@{#306}) on port 28267
Only local connections are allowed.
Please see https://chromedriver.chromium.org/security-considerations for suggestions on keeping ChromeDriver safe.
ChromeDriver was started successfully.
Aug 06, 2021 5:42:55 PM org.openqa.selenium.remote.ProtocolHandshake createSession
INFO: Detected dialect: W3C
]]></system-err>
  </testcase>
  <testcase name="ExistingUserGuestCheckout" classname="com.sunhub.qa.test_cases.CheckoutTest" time="70.449">
    <system-out><![CDATA[Select State
Alabama
Alaska
Arizona
]]></system-out>
    <system-err><![CDATA[Starting ChromeDriver 92.0.4515.43 (8c61b7e2989f2990d42f859cac71319137787cce-refs/branch-heads/4515@{#306}) on port 39956
Only local connections are allowed.
Please see https://chromedriver.chromium.org/security-considerations for suggestions on keeping ChromeDriver safe.
ChromeDriver was started successfully.
Aug 06, 2021 5:44:10 PM org.openqa.selenium.remote.ProtocolHandshake createSession
INFO: Detected dialect: W3C
]]></system-err>
  </testcase>
  <testcase name="NonExistingEmailCheck" classname="com.sunhub.qa.test_cases.RegisterPageTest" time="16.356">
    <system-err><![CDATA[Starting ChromeDriver 92.0.4515.43 (8c61b7e2989f2990d42f859cac71319137787cce-refs/branch-heads/4515@{#306}) on port 32576
Only local connections are allowed.
Please see https://chromedriver.chromium.org/security-considerations for suggestions on keeping ChromeDriver safe.
ChromeDriver was started successfully.
Aug 06, 2021 5:45:32 PM org.openqa.selenium.remote.ProtocolHandshake createSession
INFO: Detected dialect: W3C
]]></system-err>
  </testcase>
  <testcase name="ExistingEmailValidationforRegisteration" classname="com.sunhub.qa.test_cases.RegisterPageTest" time="14.383">
    <failure message="Did not display Error Message expected [true] but found [false]" type="java.lang.AssertionError"><![CDATA[java.lang.AssertionError: Did not display Error Message expected [true] but found [false]
	at com.sunhub.qa.test_cases.RegisterPageTest.ExistingEmailValidationforRegisteration(RegisterPageTest.java:42)
]]></failure>
    <system-err><![CDATA[Starting ChromeDriver 92.0.4515.43 (8c61b7e2989f2990d42f859cac71319137787cce-refs/branch-heads/4515@{#306}) on port 21835
Only local connections are allowed.
Please see https://chromedriver.chromium.org/security-considerations for suggestions on keeping ChromeDriver safe.
ChromeDriver was started successfully.
Aug 06, 2021 5:46:11 PM org.openqa.selenium.remote.ProtocolHandshake createSession
INFO: Detected dialect: W3C
]]></system-err>
  </testcase>
</testsuite>