<?xml version="1.0" encoding="UTF-8"?>
<!-- Generated by org.testng.reporters.JUnitXMLReporter -->
<testsuite ignored="5" hostname="BCDS-LHR-33" failures="0" tests="1" name="Test" time="21.199" errors="0" timestamp="2021-08-06T00:37:10 PKT">
  <testcase classname="com.sunhub.qa.test_cases.LoginPageTest" name="BuyerLogin" time="7.409"/>
  <testcase classname="com.sunhub.qa.test_cases.LoginPageTest" name="BsuinessLogin" time="0.0">
    <ignored/>
  </testcase> <!-- BsuinessLogin -->
  <testcase classname="com.sunhub.qa.test_cases.LoginPageTest" name="GeneralValidEmailWrongPasswordVerification" time="0.0">
    <ignored/>
  </testcase> <!-- GeneralValidEmailWrongPasswordVerification -->
  <testcase classname="com.sunhub.qa.test_cases.LoginPageTest" name="SPSellerValidateLogin" time="0.0">
    <ignored/>
  </testcase> <!-- SPSellerValidateLogin -->
  <testcase classname="com.sunhub.qa.test_cases.LoginPageTest" name="MessageAppearance" time="0.0">
    <ignored/>
  </testcase> <!-- MessageAppearance -->
  <testcase classname="com.sunhub.qa.test_cases.LoginPageTest" name="ISellerLogin" time="0.0">
    <ignored/>
  </testcase> <!-- ISellerLogin -->
</testsuite> <!-- Test -->
